<?xml version="1.0" encoding="UTF-8"?>
<!-- Generated by org.testng.reporters.JUnitXMLReporter -->
<testsuite ignored="1" hostname="DESKTOP-USQNNQA" failures="0" tests="1" name="Default test" time="21.09" errors="0" timestamp="2024-07-14T21:28:12 WIB">
  <testcase classname="com.mystore.testcases.IndexPageTest" name="verifyTitle" time="0.664"/>
  <testcase classname="com.mystore.testcases.IndexPageTest" name="verifyLogo" time="0.0">
    <ignored/>
  </testcase> <!-- verifyLogo -->
</testsuite> <!-- Default test -->
