<?xml version="1.0" encoding="UTF-8"?>
<testng-results ignored="0" total="2" passed="2" failed="0" skipped="0">
  <reporter-output>
  </reporter-output>
  <suite started-at="2024-07-14T14:52:51 WIB" name="Suite" finished-at="2024-07-14T14:53:14 WIB" duration-ms="22363">
    <groups>
      <group name="Smoke">
        <method signature="IndexPageTest.verifyLogo()[pri:0, instance:com.mystore.testcases.IndexPageTest@5119fb47]" name="verifyLogo" class="com.mystore.testcases.IndexPageTest"/>
        <method signature="IndexPageTest.verifyTitle()[pri:0, instance:com.mystore.testcases.IndexPageTest@5119fb47]" name="verifyTitle" class="com.mystore.testcases.IndexPageTest"/>
      </group> <!-- Smoke -->
    </groups>
    <test started-at="2024-07-14T14:52:51 WIB" name="Test_All" finished-at="2024-07-14T14:53:14 WIB" duration-ms="22363">
      <class name="com.mystore.testcases.IndexPageTest">
        <test-method is-config="true" signature="loadConfig()[pri:0, instance:com.mystore.testcases.IndexPageTest@5119fb47]" started-at="2024-07-14T14:52:51 WIB" name="loadConfig" finished-at="2024-07-14T14:52:51 WIB" duration-ms="335" status="PASS">
          <reporter-output>
          </reporter-output>
        </test-method> <!-- loadConfig -->
        <test-method is-config="true" signature="setup()[pri:0, instance:com.mystore.testcases.IndexPageTest@5119fb47]" started-at="2024-07-14T14:52:51 WIB" name="setup" finished-at="2024-07-14T14:53:05 WIB" duration-ms="13200" status="PASS">
          <reporter-output>
          </reporter-output>
        </test-method> <!-- setup -->
        <test-method signature="verifyLogo()[pri:0, instance:com.mystore.testcases.IndexPageTest@5119fb47]" started-at="2024-07-14T14:53:05 WIB" name="verifyLogo" finished-at="2024-07-14T14:53:05 WIB" duration-ms="741" status="PASS">
          <reporter-output>
          </reporter-output>
        </test-method> <!-- verifyLogo -->
        <test-method is-config="true" signature="tearDown()[pri:0, instance:com.mystore.testcases.IndexPageTest@5119fb47]" started-at="2024-07-14T14:53:05 WIB" name="tearDown" finished-at="2024-07-14T14:53:06 WIB" duration-ms="232" status="PASS">
          <reporter-output>
          </reporter-output>
        </test-method> <!-- tearDown -->
        <test-method is-config="true" signature="setup()[pri:0, instance:com.mystore.testcases.IndexPageTest@5119fb47]" started-at="2024-07-14T14:53:06 WIB" name="setup" finished-at="2024-07-14T14:53:13 WIB" duration-ms="7847" status="PASS">
          <reporter-output>
          </reporter-output>
        </test-method> <!-- setup -->
        <test-method signature="verifyTitle()[pri:0, instance:com.mystore.testcases.IndexPageTest@5119fb47]" started-at="2024-07-14T14:53:13 WIB" name="verifyTitle" finished-at="2024-07-14T14:53:13 WIB" duration-ms="22" status="PASS">
          <reporter-output>
          </reporter-output>
        </test-method> <!-- verifyTitle -->
        <test-method is-config="true" signature="tearDown()[pri:0, instance:com.mystore.testcases.IndexPageTest@5119fb47]" started-at="2024-07-14T14:53:13 WIB" name="tearDown" finished-at="2024-07-14T14:53:14 WIB" duration-ms="267" status="PASS">
          <reporter-output>
          </reporter-output>
        </test-method> <!-- tearDown -->
        <test-method is-config="true" signature="afterSuite()[pri:0, instance:com.mystore.testcases.IndexPageTest@5119fb47]" started-at="2024-07-14T14:53:14 WIB" name="afterSuite" finished-at="2024-07-14T14:53:14 WIB" duration-ms="418" status="PASS">
          <reporter-output>
          </reporter-output>
        </test-method> <!-- afterSuite -->
      </class> <!-- com.mystore.testcases.IndexPageTest -->
    </test> <!-- Test_All -->
  </suite> <!-- Suite -->
</testng-results>
