<?xml version="1.0" encoding="UTF-8"?>
<!-- Generated by org.testng.reporters.JUnitXMLReporter -->
<testsuite ignored="0" hostname="DESKTOP-USQNNQA" failures="1" tests="2" name="Test_All" time="17.412" errors="0" timestamp="2024-07-14T21:31:21 WIB">
  <testcase classname="com.mystore.testcases.IndexPageTest" name="verifyLogo" time="0.778">
    <failure type="java.lang.AssertionError" message="expected [true] but found [false]">
      <![CDATA[java.lang.AssertionError: expected [true] but found [false]
at com.mystore.testcases.IndexPageTest.verifyLogo(IndexPageTest.java:42)
at java.base/java.util.ArrayList.forEach(ArrayList.java:1511)
... Removed 31 stack frames]]>
    </failure>
  </testcase> <!-- verifyLogo -->
  <testcase classname="com.mystore.testcases.IndexPageTest" name="verifyTitle" time="0.015"/>
</testsuite> <!-- Test_All -->
